Reusing configuration cache.
> Task :app:checkKotlinGradlePluginConfigurationErrors SKIPPED
> Task :app:preBuild UP-TO-DATE
> Task :app:preDebugBuild UP-TO-DATE
> Task :app:mergeDebugNativeDebugMetadata NO-SOURCE
> Task :app:javaPreCompileDebug UP-TO-DATE
> Task :app:createDebugCompatibleScreenManifests UP-TO-DATE
> Task :app:desugarDebugFileDependencies UP-TO-DATE
> Task :app:generateDebugResValues UP-TO-DATE
> Task :app:mergeDebugShaders UP-TO-DATE
> Task :app:compileDebugShaders NO-SOURCE
> Task :app:writeDebugAppMetadata UP-TO-DATE
> Task :app:generateDebugAssets UP-TO-DATE
> Task :app:processDebugNavigationResources UP-TO-DATE
> Task :app:writeDebugSigningConfigVersions UP-TO-DATE
> Task :app:mergeDebugJniLibFolders UP-TO-DATE
> Task :app:extractDeepLinksDebug UP-TO-DATE
> Task :app:generateDebugResources UP-TO-DATE
> Task :app:compileDebugNavigationResources UP-TO-DATE
> Task :app:checkDebugDuplicateClasses UP-TO-DATE
> Task :app:validateSigningDebug UP-TO-DATE
> Task :app:checkDebugAarMetadata UP-TO-DATE
> Task :app:mergeLibDexDebug UP-TO-DATE
> Task :app:packageDebugResources UP-TO-DATE
> Task :app:mergeDebugAssets UP-TO-DATE
> Task :app:compressDebugAssets UP-TO-DATE
> Task :app:mergeDebugNativeLibs NO-SOURCE
> Task :app:parseDebugLocalResources UP-TO-DATE
> Task :app:mapDebugSourceSetPaths UP-TO-DATE
> Task :app:stripDebugDebugSymbols NO-SOURCE
> Task :app:mergeDebugResources UP-TO-DATE
> Task :app:processDebugMainManifest UP-TO-DATE
> Task :app:mergeExtDexDebug UP-TO-DATE
> Task :app:processDebugManifest UP-TO-DATE
> Task :app:processDebugManifestForPackage UP-TO-DATE
> Task :app:processDebugResources UP-TO-DATE

> Task :app:compileDebugKotlin FAILED
./gradlew : e: file:///C:/Users/steph/OneDrive/Dokumente/Pr
ogramme/Simple-Phone/app/src/main/java/ch/heuscher/simpleph
one/ui/screens/SettingsScreen.kt:646:27 Unresolved 
reference 'rememberUpdatedState'.
In Zeile:1 Zeichen:1
+ ./gradlew :app:assembleDebug 2>&1 | Out-File -Encoding 
ASCII build_lo ...
+ ~~~~~~~~~~~~~~~~~~~~~~~~~~~~~~~~~
    + CategoryInfo          : NotSpecified: (e: file:///C: 
   /U...rUpdatedState'.:String) [], RemoteException
    + FullyQualifiedErrorId : NativeCommandError
 
e: file:///C:/Users/steph/OneDrive/Dokumente/Programme/Simp
le-Phone/app/src/main/java/ch/heuscher/simplephone/ui/scree
ns/SettingsScreen.kt:647:35 Unresolved reference 
'rememberUpdatedState'.
e: file:///C:/Users/steph/OneDrive/Dokumente/Programme/Simp
le-Phone/app/src/main/java/ch/heuscher/simplephone/ui/scree
ns/SettingsScreen.kt:648:36 Unresolved reference 
'rememberUpdatedState'.
e: file:///C:/Users/steph/OneDrive/Dokumente/Programme/Simp
le-Phone/app/src/main/java/ch/heuscher/simplephone/ui/scree
ns/SettingsScreen.kt:649:31 Unresolved reference 
'rememberUpdatedState'.
e: file:///C:/Users/steph/OneDrive/Dokumente/Programme/Simp
le-Phone/app/src/main/java/ch/heuscher/simplephone/ui/scree
ns/SettingsScreen.kt:650:28 Unresolved reference 
'rememberUpdatedState'.
e: file:///C:/Users/steph/OneDrive/Dokumente/Programme/Simp
le-Phone/app/src/main/java/ch/heuscher/simplephone/ui/scree
ns/SettingsScreen.kt:651:30 Unresolved reference 
'rememberUpdatedState'.
e: file:///C:/Users/steph/OneDrive/Dokumente/Programme/Simp
le-Phone/app/src/main/java/ch/heuscher/simplephone/ui/scree
ns/SettingsScreen.kt:652:29 Unresolved reference 
'rememberUpdatedState'.
e: file:///C:/Users/steph/OneDrive/Dokumente/Programme/Simp
le-Phone/app/src/main/java/ch/heuscher/simplephone/ui/scree
ns/SettingsScreen.kt:653:31 Unresolved reference 
'rememberUpdatedState'.
e: file:///C:/Users/steph/OneDrive/Dokumente/Programme/Simp
le-Phone/app/src/main/java/ch/heuscher/simplephone/ui/scree
ns/SettingsScreen.kt:674:29 Unresolved reference 
'currentOnDraggingChange'.
e: file:///C:/Users/steph/OneDrive/Dokumente/Programme/Simp
le-Phone/app/src/main/java/ch/heuscher/simplephone/ui/scree
ns/SettingsScreen.kt:675:29 Unresolved reference 
'currentVibrateFunc'.
e: file:///C:/Users/steph/OneDrive/Dokumente/Programme/Simp
le-Phone/app/src/main/java/ch/heuscher/simplephone/ui/scree
ns/SettingsScreen.kt:678:29 Unresolved reference 
'currentOnDraggingChange'.
e: file:///C:/Users/steph/OneDrive/Dokumente/Programme/Simp
le-Phone/app/src/main/java/ch/heuscher/simplephone/ui/scree
ns/SettingsScreen.kt:679:29 Unresolved reference 
'currentOnOffsetYChange'.
e: file:///C:/Users/steph/OneDrive/Dokumente/Programme/Simp
le-Phone/app/src/main/java/ch/heuscher/simplephone/ui/scree
ns/SettingsScreen.kt:682:29 Unresolved reference 
'currentOnDraggingChange'.
e: file:///C:/Users/steph/OneDrive/Dokumente/Programme/Simp
le-Phone/app/src/main/java/ch/heuscher/simplephone/ui/scree
ns/SettingsScreen.kt:683:29 Unresolved reference 
'currentOnOffsetYChange'.
e: file:///C:/Users/steph/OneDrive/Dokumente/Programme/Simp
le-Phone/app/src/main/java/ch/heuscher/simplephone/ui/scree
ns/SettingsScreen.kt:687:61 Overload resolution ambiguity 
between candidates:
fun String?.plus(other: Any?): String
fun <T> Array<T>.plus(element: T): Array<T>
fun FloatArray.plus(element: Float): FloatArray
fun <T> Collection<T>.plus(element: T): List<T>
fun <T> Iterable<T>.plus(element: T): List<T>
fun <T> Set<T>.plus(element: T): Set<T>
fun <T> Sequence<T>.plus(element: T): Sequence<T>
e: file:///C:/Users/steph/OneDrive/Dokumente/Programme/Simp
le-Phone/app/src/main/java/ch/heuscher/simplephone/ui/scree
ns/SettingsScreen.kt:688:29 Unresolved reference 
'currentOnOffsetYChange'.
e: file:///C:/Users/steph/OneDrive/Dokumente/Programme/Simp
le-Phone/app/src/main/java/ch/heuscher/simplephone/ui/scree
ns/SettingsScreen.kt:692:48 'operator' modifier is 
required on 'FirNamedFunctionSymbol kotlin/compareTo' in 
'compareTo'.
e: file:///C:/Users/steph/OneDrive/Dokumente/Programme/Simp
le-Phone/app/src/main/java/ch/heuscher/simplephone/ui/scree
ns/SettingsScreen.kt:693:37 Unresolved reference 
'currentVibrateFunc'.
e: file:///C:/Users/steph/OneDrive/Dokumente/Programme/Simp
le-Phone/app/src/main/java/ch/heuscher/simplephone/ui/scree
ns/SettingsScreen.kt:694:37 Unresolved reference 
'currentOnMoveDown'.
e: file:///C:/Users/steph/OneDrive/Dokumente/Programme/Simp
le-Phone/app/src/main/java/ch/heuscher/simplephone/ui/scree
ns/SettingsScreen.kt:695:37 Unresolved reference 
'currentOnOffsetYChange'.
e: file:///C:/Users/steph/OneDrive/Dokumente/Programme/Simp
le-Phone/app/src/main/java/ch/heuscher/simplephone/ui/scree
ns/SettingsScreen.kt:695:71 Overload resolution ambiguity 
between candidates:
fun <T> Iterable<T>.minus(element: T): List<T>
@SinceKotlin(...) fun <K, V> Map<out K, V>.minus(key: K): 
Map<K, V>
fun <T> Set<T>.minus(element: T): Set<T>
fun <T> Sequence<T>.minus(element: T): Sequence<T>
e: file:///C:/Users/steph/OneDrive/Dokumente/Programme/Simp
le-Phone/app/src/main/java/ch/heuscher/simplephone/ui/scree
ns/SettingsScreen.kt:696:55 'operator' modifier is 
required on 'FirNamedFunctionSymbol kotlin/compareTo' in 
'compareTo'.
e: file:///C:/Users/steph/OneDrive/Dokumente/Programme/Simp
le-Phone/app/src/main/java/ch/heuscher/simplephone/ui/scree
ns/SettingsScreen.kt:697:37 Unresolved reference 
'currentVibrateFunc'.
e: file:///C:/Users/steph/OneDrive/Dokumente/Programme/Simp
le-Phone/app/src/main/java/ch/heuscher/simplephone/ui/scree
ns/SettingsScreen.kt:698:37 Unresolved reference 
'currentOnMoveUp'.
e: file:///C:/Users/steph/OneDrive/Dokumente/Programme/Simp
le-Phone/app/src/main/java/ch/heuscher/simplephone/ui/scree
ns/SettingsScreen.kt:699:37 Unresolved reference 
'currentOnOffsetYChange'.
e: file:///C:/Users/steph/OneDrive/Dokumente/Programme/Simp
le-Phone/app/src/main/java/ch/heuscher/simplephone/ui/scree
ns/SettingsScreen.kt:699:71 Overload resolution ambiguity 
between candidates:
fun String?.plus(other: Any?): String
fun <T> Array<T>.plus(element: T): Array<T>
fun FloatArray.plus(element: Float): FloatArray
fun <T> Collection<T>.plus(element: T): List<T>
fun <T> Iterable<T>.plus(element: T): List<T>
fun <T> Set<T>.plus(element: T): Set<T>
fun <T> Sequence<T>.plus(element: T): Sequence<T>

FAILURE: Build failed with an exception.

* What went wrong:
Execution failed for task ':app:compileDebugKotlin'.
> A failure occurred while executing org.jetbrains.kotlin.c
ompilerRunner.GradleCompilerRunnerWithWorkers$GradleKotlinC
ompilerWorkAction
   > Compilation error. See log for more details

* Try:
> Run with --stacktrace option to get the stack trace.
> Run with --info or --debug option to get more log output.
> Run with --scan to get full insights.
> Get more help at https://help.gradle.org.

BUILD FAILED in 3s
28 actionable tasks: 1 executed, 27 up-to-date
Configuration cache entry reused.
